<?xml version="1.0" encoding="UTF-8"?>
<testng-results ignored="0" total="3" passed="2" failed="1" skipped="0">
  <reporter-output>
  </reporter-output>
  <suite started-at="2022-01-26T11:51:25 IST" name="Suite" finished-at="2022-01-26T11:52:58 IST" duration-ms="93404">
    <groups>
    </groups>
    <test started-at="2022-01-26T11:51:25 IST" name="Test" finished-at="2022-01-26T11:52:58 IST" duration-ms="93404">
      <class name="com.tcs.testcases.Basepage_TestCaseID_001">
        <test-method is-config="true" signature="driverstart()[pri:0, instance:com.tcs.testcases.Basepage_TestCaseID_001@3d6300e8]" started-at="2022-01-26T11:51:56 IST" name="driverstart" finished-at="2022-01-26T11:52:18 IST" duration-ms="21602" status="PASS">
          <reporter-output>
          </reporter-output>
        </test-method> <!-- driverstart -->
        <test-method signature="basenavigation(java.lang.String, java.lang.String)[pri:0, instance:com.tcs.testcases.Basepage_TestCaseID_001@3d6300e8]" started-at="2022-01-26T11:52:18 IST" name="basenavigation" data-provider="getData" finished-at="2022-01-26T11:52:27 IST" duration-ms="9387" status="PASS">
          <params>
            <param index="0">
              <value>
                <![CDATA[nonrestrictadeuser@gmail.com]]>
              </value>
            </param>
            <param index="1">
              <value>
                <![CDATA[password1]]>
              </value>
            </param>
          </params>
          <reporter-output>
          </reporter-output>
        </test-method> <!-- basenavigation -->
        <test-method is-config="true" signature="tearDown()[pri:0, instance:com.tcs.testcases.Basepage_TestCaseID_001@3d6300e8]" started-at="2022-01-26T11:52:27 IST" name="tearDown" finished-at="2022-01-26T11:52:29 IST" duration-ms="2261" status="PASS">
          <reporter-output>
          </reporter-output>
        </test-method> <!-- tearDown -->
        <test-method is-config="true" signature="driverstart()[pri:0, instance:com.tcs.testcases.Basepage_TestCaseID_001@3d6300e8]" started-at="2022-01-26T11:52:29 IST" name="driverstart" finished-at="2022-01-26T11:52:52 IST" duration-ms="22381" status="PASS">
          <reporter-output>
          </reporter-output>
        </test-method> <!-- driverstart -->
        <test-method signature="basenavigation(java.lang.String, java.lang.String)[pri:0, instance:com.tcs.testcases.Basepage_TestCaseID_001@3d6300e8]" started-at="2022-01-26T11:52:52 IST" name="basenavigation" data-provider="getData" finished-at="2022-01-26T11:52:56 IST" duration-ms="4515" status="PASS">
          <params>
            <param index="0">
              <value>
                <![CDATA[restrcicteduser@gmail.com]]>
              </value>
            </param>
            <param index="1">
              <value>
                <![CDATA[password2]]>
              </value>
            </param>
          </params>
          <reporter-output>
          </reporter-output>
        </test-method> <!-- basenavigation -->
        <test-method is-config="true" signature="tearDown()[pri:0, instance:com.tcs.testcases.Basepage_TestCaseID_001@3d6300e8]" started-at="2022-01-26T11:52:56 IST" name="tearDown" finished-at="2022-01-26T11:52:58 IST" duration-ms="1348" status="PASS">
          <reporter-output>
          </reporter-output>
        </test-method> <!-- tearDown -->
      </class> <!-- com.tcs.testcases.Basepage_TestCaseID_001 -->
      <class name="com.tcs.testcases.ValidateTile">
        <test-method is-config="true" signature="beforestart()[pri:0, instance:com.tcs.testcases.ValidateTile@58c540cf]" started-at="2022-01-26T11:51:25 IST" name="beforestart" finished-at="2022-01-26T11:51:56 IST" duration-ms="30786" status="PASS">
          <reporter-output>
          </reporter-output>
        </test-method> <!-- beforestart -->
        <test-method signature="validateTiltle()[pri:0, instance:com.tcs.testcases.ValidateTile@58c540cf]" started-at="2022-01-26T11:51:56 IST" name="validateTiltle" finished-at="2022-01-26T11:51:59 IST" duration-ms="2860" status="FAIL">
          <exception class="java.lang.AssertionError">
            <message>
              <![CDATA[expected [FEATURED COURSES12] but found [FEATURED COURSES]]]>
            </message>
            <full-stacktrace>
              <![CDATA[java.lang.AssertionError: expected [FEATURED COURSES12] but found [FEATURED COURSES]
at org.testng.Assert.fail(Assert.java:97)
at org.testng.Assert.assertEqualsImpl(Assert.java:136)
at org.testng.Assert.assertEquals(Assert.java:118)
at org.testng.Assert.assertEquals(Assert.java:575)
at org.testng.Assert.assertEquals(Assert.java:585)
at com.tcs.testcases.ValidateTile.validateTiltle(ValidateTile.java:38)
at java.base/jdk.internal.reflect.NativeMethodAccessorImpl.invoke0(Native Method)
at java.base/jdk.internal.reflect.NativeMethodAccessorImpl.invoke(NativeMethodAccessorImpl.java:78)
at java.base/jdk.internal.reflect.DelegatingMethodAccessorImpl.invoke(DelegatingMethodAccessorImpl.java:43)
at java.base/java.lang.reflect.Method.invoke(Method.java:567)
at org.testng.internal.MethodInvocationHelper.invokeMethod(MethodInvocationHelper.java:134)
at org.testng.internal.TestInvoker.invokeMethod(TestInvoker.java:597)
at org.testng.internal.TestInvoker.invokeTestMethod(TestInvoker.java:173)
at org.testng.internal.MethodRunner.runInSequence(MethodRunner.java:46)
at org.testng.internal.TestInvoker$MethodInvocationAgent.invoke(TestInvoker.java:816)
at org.testng.internal.TestInvoker.invokeTestMethods(TestInvoker.java:146)
at org.testng.internal.TestMethodWorker.invokeTestMethods(TestMethodWorker.java:146)
at org.testng.internal.TestMethodWorker.run(TestMethodWorker.java:128)
at java.base/java.util.concurrent.ThreadPoolExecutor.runWorker(ThreadPoolExecutor.java:1130)
at java.base/java.util.concurrent.ThreadPoolExecutor$Worker.run(ThreadPoolExecutor.java:630)
at java.base/java.lang.Thread.run(Thread.java:831)
]]>
            </full-stacktrace>
          </exception> <!-- java.lang.AssertionError -->
          <reporter-output>
          </reporter-output>
        </test-method> <!-- validateTiltle -->
        <test-method is-config="true" signature="tearDown()[pri:0, instance:com.tcs.testcases.ValidateTile@58c540cf]" started-at="2022-01-26T11:52:58 IST" name="tearDown" finished-at="2022-01-26T11:52:58 IST" duration-ms="830" status="PASS">
          <reporter-output>
          </reporter-output>
        </test-method> <!-- tearDown -->
      </class> <!-- com.tcs.testcases.ValidateTile -->
    </test> <!-- Test -->
  </suite> <!-- Suite -->
</testng-results>
